app/build/intermediates/manifest_merge_blame_file/debug/manifest-merger-blame-debug-report.txt
1<?xml version="1.0" encoding="utf-8"?>
2<manifest xmlns:android="http://schemas.android.com/apk/res/android"
3    package="com.app.go4lunch"
4    android:versionCode="1"
5    android:versionName="1.0" >
6
7    <uses-sdk
8        android:minSdkVersion="19"
8-->src/main/AndroidManifest.xml
9        android:targetSdkVersion="29" />
9-->src/main/AndroidManifest.xml
10
11    <uses-permission android:name="android.permission.INTERNET" />
11-->src/main/AndroidManifest.xml:5:5-67
11-->src/main/AndroidManifest.xml:5:22-64
12    <uses-permission android:name="android.permission.ACCESS_FINE_LOCATION" />
12-->src/main/AndroidManifest.xml:6:5-79
12-->src/main/AndroidManifest.xml:6:22-76
13    <uses-permission android:name="android.permission.CALL_PHONE" />
13-->src/main/AndroidManifest.xml:7:5-69
13-->src/main/AndroidManifest.xml:7:22-66
14    <uses-permission android:name="android.permission.ACCESS_NETWORK_STATE" />
14-->[com.firebaseui:firebase-ui-auth:6.2.0] AndroidManifest.xml:12:5-79
14-->[com.firebaseui:firebase-ui-auth:6.2.0] AndroidManifest.xml:12:22-76
15    <uses-permission android:name="android.permission.ACCESS_WIFI_STATE" />
15-->[com.google.android.libraries.places:places:2.2.0] AndroidManifest.xml:10:5-76
15-->[com.google.android.libraries.places:places:2.2.0] AndroidManifest.xml:10:22-73
16
17    <uses-feature
17-->[com.google.android.gms:play-services-maps:17.0.0] AndroidManifest.xml:26:5-28:35
18        android:glEsVersion="0x00020000"
18-->[com.google.android.gms:play-services-maps:17.0.0] AndroidManifest.xml:27:9-41
19        android:required="true" />
19-->[com.google.android.gms:play-services-maps:17.0.0] AndroidManifest.xml:28:9-32
20
21    <uses-permission android:name="android.permission.WAKE_LOCK" />
21-->[androidx.work:work-runtime:2.3.4] AndroidManifest.xml:25:5-68
21-->[androidx.work:work-runtime:2.3.4] AndroidManifest.xml:25:22-65
22    <uses-permission android:name="android.permission.RECEIVE_BOOT_COMPLETED" />
22-->[androidx.work:work-runtime:2.3.4] AndroidManifest.xml:27:5-81
22-->[androidx.work:work-runtime:2.3.4] AndroidManifest.xml:27:22-78
23    <uses-permission android:name="android.permission.FOREGROUND_SERVICE" />
23-->[androidx.work:work-runtime:2.3.4] AndroidManifest.xml:28:5-77
23-->[androidx.work:work-runtime:2.3.4] AndroidManifest.xml:28:22-74
24    <uses-permission android:name="com.google.android.finsky.permission.BIND_GET_INSTALL_REFERRER_SERVICE" /> <!-- Required by older versions of Google Play services to create IID tokens -->
24-->[com.google.android.gms:play-services-measurement:17.4.0] AndroidManifest.xml:26:5-110
24-->[com.google.android.gms:play-services-measurement:17.4.0] AndroidManifest.xml:26:22-107
25    <uses-permission android:name="com.google.android.c2dm.permission.RECEIVE" />
25-->[com.google.firebase:firebase-iid:20.1.5] AndroidManifest.xml:26:5-82
25-->[com.google.firebase:firebase-iid:20.1.5] AndroidManifest.xml:26:22-79
26
27    <application
27-->src/main/AndroidManifest.xml:9:5-35:19
28        android:name="androidx.multidex.MultiDexApplication"
28-->src/main/AndroidManifest.xml:10:9-61
29        android:allowBackup="true"
29-->src/main/AndroidManifest.xml:11:9-35
30        android:appComponentFactory="androidx.core.app.CoreComponentFactory"
30-->[androidx.core:core:1.1.0] AndroidManifest.xml:24:18-86
31        android:debuggable="true"
32        android:icon="@mipmap/ic_launcher"
32-->src/main/AndroidManifest.xml:12:9-43
33        android:label="@string/app_name"
33-->src/main/AndroidManifest.xml:13:9-41
34        android:roundIcon="@mipmap/ic_launcher_round"
34-->src/main/AndroidManifest.xml:14:9-54
35        android:supportsRtl="true"
35-->src/main/AndroidManifest.xml:15:9-35
36        android:theme="@style/AppTheme" >
36-->src/main/AndroidManifest.xml:16:9-40
37        <activity android:name="com.app.go4lunch.view.activities.HomeActivity" />
37-->src/main/AndroidManifest.xml:17:9-75
37-->src/main/AndroidManifest.xml:17:19-63
38
39        <meta-data
39-->src/main/AndroidManifest.xml:19:9-21:55
40            android:name="com.google.android.geo.API_KEY"
40-->src/main/AndroidManifest.xml:20:13-58
41            android:value="@string/google_maps_key" />
41-->src/main/AndroidManifest.xml:21:13-52
42        <meta-data
42-->src/main/AndroidManifest.xml:22:9-24:69
43            android:name="com.google.android.gms.version"
43-->src/main/AndroidManifest.xml:23:13-58
44            android:value="@integer/google_play_services_version" />
44-->src/main/AndroidManifest.xml:24:13-66
45
46        <activity
46-->src/main/AndroidManifest.xml:26:9-34:20
47            android:name="com.app.go4lunch.view.activities.LoginActivity"
47-->src/main/AndroidManifest.xml:27:13-58
48            android:screenOrientation="portrait" >
48-->src/main/AndroidManifest.xml:28:13-49
49            <intent-filter>
49-->src/main/AndroidManifest.xml:29:13-33:29
50                <action android:name="android.intent.action.MAIN" />
50-->src/main/AndroidManifest.xml:30:17-69
50-->src/main/AndroidManifest.xml:30:25-66
51
52                <category android:name="android.intent.category.LAUNCHER" />
52-->src/main/AndroidManifest.xml:32:17-77
52-->src/main/AndroidManifest.xml:32:27-74
53            </intent-filter>
54        </activity>
55
56        <meta-data
56-->[com.firebaseui:firebase-ui-auth:6.2.0] AndroidManifest.xml:19:9-21:63
57            android:name="com.facebook.sdk.ApplicationId"
57-->[com.firebaseui:firebase-ui-auth:6.2.0] AndroidManifest.xml:20:13-58
58            android:value="@string/facebook_application_id" />
58-->[com.firebaseui:firebase-ui-auth:6.2.0] AndroidManifest.xml:21:13-60
59
60        <activity
60-->[com.firebaseui:firebase-ui-auth:6.2.0] AndroidManifest.xml:23:9-27:61
61            android:name="com.firebase.ui.auth.KickoffActivity"
61-->[com.firebaseui:firebase-ui-auth:6.2.0] AndroidManifest.xml:24:13-64
62            android:exported="false"
62-->[com.firebaseui:firebase-ui-auth:6.2.0] AndroidManifest.xml:25:13-37
63            android:label=""
63-->[com.firebaseui:firebase-ui-auth:6.2.0] AndroidManifest.xml:26:13-29
64            android:theme="@style/FirebaseUI.Transparent" />
64-->[com.firebaseui:firebase-ui-auth:6.2.0] AndroidManifest.xml:27:13-58
65        <activity
65-->[com.firebaseui:firebase-ui-auth:6.2.0] AndroidManifest.xml:28:9-32:61
66            android:name="com.firebase.ui.auth.ui.idp.SingleSignInActivity"
66-->[com.firebaseui:firebase-ui-auth:6.2.0] AndroidManifest.xml:29:13-76
67            android:exported="false"
67-->[com.firebaseui:firebase-ui-auth:6.2.0] AndroidManifest.xml:30:13-37
68            android:label=""
68-->[com.firebaseui:firebase-ui-auth:6.2.0] AndroidManifest.xml:31:13-29
69            android:theme="@style/FirebaseUI.Transparent" />
69-->[com.firebaseui:firebase-ui-auth:6.2.0] AndroidManifest.xml:32:13-58
70        <activity
70-->[com.firebaseui:firebase-ui-auth:6.2.0] AndroidManifest.xml:33:9-37:61
71            android:name="com.firebase.ui.auth.ui.credentials.CredentialSaveActivity"
71-->[com.firebaseui:firebase-ui-auth:6.2.0] AndroidManifest.xml:34:13-86
72            android:exported="false"
72-->[com.firebaseui:firebase-ui-auth:6.2.0] AndroidManifest.xml:35:13-37
73            android:label=""
73-->[com.firebaseui:firebase-ui-auth:6.2.0] AndroidManifest.xml:36:13-29
74            android:theme="@style/FirebaseUI.Transparent" />
74-->[com.firebaseui:firebase-ui-auth:6.2.0] AndroidManifest.xml:37:13-58
75        <activity
75-->[com.firebaseui:firebase-ui-auth:6.2.0] AndroidManifest.xml:38:9-42:58
76            android:name="com.firebase.ui.auth.ui.email.RecoverPasswordActivity"
76-->[com.firebaseui:firebase-ui-auth:6.2.0] AndroidManifest.xml:39:13-81
77            android:exported="false"
77-->[com.firebaseui:firebase-ui-auth:6.2.0] AndroidManifest.xml:40:13-37
78            android:label="@string/fui_title_recover_password_activity"
78-->[com.firebaseui:firebase-ui-auth:6.2.0] AndroidManifest.xml:41:13-72
79            android:windowSoftInputMode="adjustResize" />
79-->[com.firebaseui:firebase-ui-auth:6.2.0] AndroidManifest.xml:42:13-55
80        <activity
80-->[com.firebaseui:firebase-ui-auth:6.2.0] AndroidManifest.xml:43:9-47:58
81            android:name="com.firebase.ui.auth.ui.email.EmailActivity"
81-->[com.firebaseui:firebase-ui-auth:6.2.0] AndroidManifest.xml:44:13-71
82            android:exported="false"
82-->[com.firebaseui:firebase-ui-auth:6.2.0] AndroidManifest.xml:45:13-37
83            android:label="@string/fui_sign_in_default"
83-->[com.firebaseui:firebase-ui-auth:6.2.0] AndroidManifest.xml:46:13-56
84            android:windowSoftInputMode="adjustResize" />
84-->[com.firebaseui:firebase-ui-auth:6.2.0] AndroidManifest.xml:47:13-55
85        <activity
85-->[com.firebaseui:firebase-ui-auth:6.2.0] AndroidManifest.xml:48:9-52:77
86            android:name="com.firebase.ui.auth.ui.phone.PhoneActivity"
86-->[com.firebaseui:firebase-ui-auth:6.2.0] AndroidManifest.xml:49:13-71
87            android:exported="false"
87-->[com.firebaseui:firebase-ui-auth:6.2.0] AndroidManifest.xml:50:13-37
88            android:label="@string/fui_sign_in_with_phone_number"
88-->[com.firebaseui:firebase-ui-auth:6.2.0] AndroidManifest.xml:51:13-66
89            android:windowSoftInputMode="adjustResize|stateAlwaysVisible" />
89-->[com.firebaseui:firebase-ui-auth:6.2.0] AndroidManifest.xml:52:13-74
90        <activity
90-->[com.firebaseui:firebase-ui-auth:6.2.0] AndroidManifest.xml:53:9-57:58
91            android:name="com.firebase.ui.auth.ui.idp.WelcomeBackIdpPrompt"
91-->[com.firebaseui:firebase-ui-auth:6.2.0] AndroidManifest.xml:54:13-76
92            android:exported="false"
92-->[com.firebaseui:firebase-ui-auth:6.2.0] AndroidManifest.xml:55:13-37
93            android:label="@string/fui_title_welcome_back_idp_prompt"
93-->[com.firebaseui:firebase-ui-auth:6.2.0] AndroidManifest.xml:56:13-70
94            android:windowSoftInputMode="adjustResize" />
94-->[com.firebaseui:firebase-ui-auth:6.2.0] AndroidManifest.xml:57:13-55
95        <activity
95-->[com.firebaseui:firebase-ui-auth:6.2.0] AndroidManifest.xml:58:9-62:58
96            android:name="com.firebase.ui.auth.ui.email.WelcomeBackPasswordPrompt"
96-->[com.firebaseui:firebase-ui-auth:6.2.0] AndroidManifest.xml:59:13-83
97            android:exported="false"
97-->[com.firebaseui:firebase-ui-auth:6.2.0] AndroidManifest.xml:60:13-37
98            android:label="@string/fui_title_welcome_back_password_prompt"
98-->[com.firebaseui:firebase-ui-auth:6.2.0] AndroidManifest.xml:61:13-75
99            android:windowSoftInputMode="adjustResize" />
99-->[com.firebaseui:firebase-ui-auth:6.2.0] AndroidManifest.xml:62:13-55
100        <activity
100-->[com.firebaseui:firebase-ui-auth:6.2.0] AndroidManifest.xml:63:9-67:58
101            android:name="com.firebase.ui.auth.ui.email.WelcomeBackEmailLinkPrompt"
101-->[com.firebaseui:firebase-ui-auth:6.2.0] AndroidManifest.xml:64:13-84
102            android:exported="false"
102-->[com.firebaseui:firebase-ui-auth:6.2.0] AndroidManifest.xml:65:13-37
103            android:label="@string/fui_title_welcome_back_password_prompt"
103-->[com.firebaseui:firebase-ui-auth:6.2.0] AndroidManifest.xml:66:13-75
104            android:windowSoftInputMode="adjustResize" />
104-->[com.firebaseui:firebase-ui-auth:6.2.0] AndroidManifest.xml:67:13-55
105        <activity
105-->[com.firebaseui:firebase-ui-auth:6.2.0] AndroidManifest.xml:68:9-73:58
106            android:name="com.firebase.ui.auth.ui.email.EmailLinkCatcherActivity"
106-->[com.firebaseui:firebase-ui-auth:6.2.0] AndroidManifest.xml:69:13-82
107            android:exported="false"
107-->[com.firebaseui:firebase-ui-auth:6.2.0] AndroidManifest.xml:70:13-37
108            android:label=""
108-->[com.firebaseui:firebase-ui-auth:6.2.0] AndroidManifest.xml:71:13-29
109            android:theme="@style/FirebaseUI.Transparent"
109-->[com.firebaseui:firebase-ui-auth:6.2.0] AndroidManifest.xml:72:13-58
110            android:windowSoftInputMode="adjustResize" />
110-->[com.firebaseui:firebase-ui-auth:6.2.0] AndroidManifest.xml:73:13-55
111        <activity
111-->[com.firebaseui:firebase-ui-auth:6.2.0] AndroidManifest.xml:74:9-78:58
112            android:name="com.firebase.ui.auth.ui.email.EmailLinkErrorRecoveryActivity"
112-->[com.firebaseui:firebase-ui-auth:6.2.0] AndroidManifest.xml:75:13-88
113            android:exported="false"
113-->[com.firebaseui:firebase-ui-auth:6.2.0] AndroidManifest.xml:76:13-37
114            android:label="@string/fui_sign_in_default"
114-->[com.firebaseui:firebase-ui-auth:6.2.0] AndroidManifest.xml:77:13-56
115            android:windowSoftInputMode="adjustResize" />
115-->[com.firebaseui:firebase-ui-auth:6.2.0] AndroidManifest.xml:78:13-55
116        <activity
116-->[com.firebaseui:firebase-ui-auth:6.2.0] AndroidManifest.xml:79:9-82:65
117            android:name="com.firebase.ui.auth.ui.idp.AuthMethodPickerActivity"
117-->[com.firebaseui:firebase-ui-auth:6.2.0] AndroidManifest.xml:80:13-80
118            android:exported="false"
118-->[com.firebaseui:firebase-ui-auth:6.2.0] AndroidManifest.xml:81:13-37
119            android:label="@string/fui_default_toolbar_title" />
119-->[com.firebaseui:firebase-ui-auth:6.2.0] AndroidManifest.xml:82:13-62
120        <activity
120-->[com.firebaseui:firebase-ui-auth:6.2.0] AndroidManifest.xml:83:9-87:48
121            android:name="com.facebook.FacebookActivity"
121-->[com.firebaseui:firebase-ui-auth:6.2.0] AndroidManifest.xml:84:13-57
122            android:configChanges="keyboard|keyboardHidden|screenLayout|screenSize|orientation"
122-->[com.firebaseui:firebase-ui-auth:6.2.0] AndroidManifest.xml:85:13-96
123            android:label="@string/app_name"
123-->[com.firebaseui:firebase-ui-auth:6.2.0] AndroidManifest.xml:86:13-45
124            android:theme="@style/com_facebook_activity_theme" />
124-->[com.facebook.android:facebook-common:5.15.3] AndroidManifest.xml:33:13-63
125        <activity
125-->[com.firebaseui:firebase-ui-auth:6.2.0] AndroidManifest.xml:88:9-100:20
126            android:name="com.facebook.CustomTabActivity"
126-->[com.firebaseui:firebase-ui-auth:6.2.0] AndroidManifest.xml:89:13-58
127            android:exported="true" >
127-->[com.firebaseui:firebase-ui-auth:6.2.0] AndroidManifest.xml:90:13-36
128            <intent-filter>
128-->[com.firebaseui:firebase-ui-auth:6.2.0] AndroidManifest.xml:92:13-99:29
129                <action android:name="android.intent.action.VIEW" />
129-->[com.firebaseui:firebase-ui-auth:6.2.0] AndroidManifest.xml:93:17-69
129-->[com.firebaseui:firebase-ui-auth:6.2.0] AndroidManifest.xml:93:25-66
130
131                <category android:name="android.intent.category.DEFAULT" />
131-->[com.firebaseui:firebase-ui-auth:6.2.0] AndroidManifest.xml:95:17-76
131-->[com.firebaseui:firebase-ui-auth:6.2.0] AndroidManifest.xml:95:27-73
132                <category android:name="android.intent.category.BROWSABLE" />
132-->[com.firebaseui:firebase-ui-auth:6.2.0] AndroidManifest.xml:96:17-78
132-->[com.firebaseui:firebase-ui-auth:6.2.0] AndroidManifest.xml:96:27-75
133
134                <data android:scheme="@string/facebook_login_protocol_scheme" />
134-->[com.firebaseui:firebase-ui-auth:6.2.0] AndroidManifest.xml:98:17-81
134-->[com.firebaseui:firebase-ui-auth:6.2.0] AndroidManifest.xml:98:23-78
135            </intent-filter>
136            <intent-filter>
136-->[com.facebook.android:facebook-common:5.15.3] AndroidManifest.xml:39:13-48:29
137                <action android:name="android.intent.action.VIEW" />
137-->[com.firebaseui:firebase-ui-auth:6.2.0] AndroidManifest.xml:93:17-69
137-->[com.firebaseui:firebase-ui-auth:6.2.0] AndroidManifest.xml:93:25-66
138
139                <category android:name="android.intent.category.DEFAULT" />
139-->[com.firebaseui:firebase-ui-auth:6.2.0] AndroidManifest.xml:95:17-76
139-->[com.firebaseui:firebase-ui-auth:6.2.0] AndroidManifest.xml:95:27-73
140                <category android:name="android.intent.category.BROWSABLE" />
140-->[com.firebaseui:firebase-ui-auth:6.2.0] AndroidManifest.xml:96:17-78
140-->[com.firebaseui:firebase-ui-auth:6.2.0] AndroidManifest.xml:96:27-75
141
142                <data
142-->[com.firebaseui:firebase-ui-auth:6.2.0] AndroidManifest.xml:98:17-81
143                    android:host="cct.com.app.go4lunch"
144                    android:scheme="fbconnect" />
144-->[com.firebaseui:firebase-ui-auth:6.2.0] AndroidManifest.xml:98:23-78
145            </intent-filter>
146        </activity>
147
148        <provider
148-->[com.firebaseui:firebase-ui-auth:6.2.0] AndroidManifest.xml:102:9-106:38
149            android:name="com.firebase.ui.auth.data.client.AuthUiInitProvider"
149-->[com.firebaseui:firebase-ui-auth:6.2.0] AndroidManifest.xml:103:13-79
150            android:authorities="com.app.go4lunch.authuiinitprovider"
150-->[com.firebaseui:firebase-ui-auth:6.2.0] AndroidManifest.xml:104:13-70
151            android:exported="false"
151-->[com.firebaseui:firebase-ui-auth:6.2.0] AndroidManifest.xml:105:13-37
152            android:initOrder="90" />
152-->[com.firebaseui:firebase-ui-auth:6.2.0] AndroidManifest.xml:106:13-35
153
154        <activity
154-->[com.google.android.libraries.places:places:2.2.0] AndroidManifest.xml:14:9-20:20
155            android:name="com.google.android.libraries.places.widget.AutocompleteActivity"
155-->[com.google.android.libraries.places:places:2.2.0] AndroidManifest.xml:15:13-91
156            android:exported="false"
156-->[com.google.android.libraries.places:places:2.2.0] AndroidManifest.xml:16:13-37
157            android:label="@string/places_autocomplete_label"
157-->[com.google.android.libraries.places:places:2.2.0] AndroidManifest.xml:17:13-62
158            android:theme="@style/PlacesAutocompleteOverlay"
158-->[com.google.android.libraries.places:places:2.2.0] AndroidManifest.xml:18:13-61
159            android:windowSoftInputMode="adjustResize" >
159-->[com.google.android.libraries.places:places:2.2.0] AndroidManifest.xml:19:13-55
160        </activity>
161        <activity android:name="com.facebook.CustomTabMainActivity" /> <!-- Needs to be explicitly declared on P+ -->
161-->[com.facebook.android:facebook-common:5.15.3] AndroidManifest.xml:34:9-71
161-->[com.facebook.android:facebook-common:5.15.3] AndroidManifest.xml:34:19-68
162        <uses-library
162-->[com.google.android.gms:play-services-maps:17.0.0] AndroidManifest.xml:33:9-35:40
163            android:name="org.apache.http.legacy"
163-->[com.google.android.gms:play-services-maps:17.0.0] AndroidManifest.xml:34:13-50
164            android:required="false" />
164-->[com.google.android.gms:play-services-maps:17.0.0] AndroidManifest.xml:35:13-37
165
166        <meta-data
166-->[com.github.bumptech.glide:okhttp3-integration:4.10.0] AndroidManifest.xml:11:9-13:43
167            android:name="com.bumptech.glide.integration.okhttp3.OkHttpGlideModule"
167-->[com.github.bumptech.glide:okhttp3-integration:4.10.0] AndroidManifest.xml:12:13-84
168            android:value="GlideModule" />
168-->[com.github.bumptech.glide:okhttp3-integration:4.10.0] AndroidManifest.xml:13:13-40
169
170        <service
170-->[com.google.firebase:firebase-firestore:19.0.0] AndroidManifest.xml:17:9-21:19
171            android:name="com.google.firebase.components.ComponentDiscoveryService"
171-->[com.google.firebase:firebase-firestore:19.0.0] AndroidManifest.xml:17:18-89
172            android:directBootAware="true"
172-->[com.google.firebase:firebase-common:19.3.0] AndroidManifest.xml:34:13-43
173            android:exported="false" >
173-->[com.google.firebase:firebase-auth:19.2.0] AndroidManifest.xml:35:13-37
174            <meta-data
174-->[com.google.firebase:firebase-firestore:19.0.0] AndroidManifest.xml:18:13-20:85
175                android:name="com.google.firebase.components:com.google.firebase.firestore.FirestoreRegistrar"
175-->[com.google.firebase:firebase-firestore:19.0.0] AndroidManifest.xml:19:17-111
176                android:value="com.google.firebase.components.ComponentRegistrar" />
176-->[com.google.firebase:firebase-firestore:19.0.0] AndroidManifest.xml:20:17-82
177            <meta-data
177-->[com.google.firebase:firebase-auth:19.2.0] AndroidManifest.xml:36:13-38:85
178                android:name="com.google.firebase.components:com.google.firebase.auth.FirebaseAuthRegistrar"
178-->[com.google.firebase:firebase-auth:19.2.0] AndroidManifest.xml:37:17-109
179                android:value="com.google.firebase.components.ComponentRegistrar" />
179-->[com.google.firebase:firebase-auth:19.2.0] AndroidManifest.xml:38:17-82
180            <meta-data
180-->[com.google.android.gms:play-services-measurement-api:17.4.0] AndroidManifest.xml:30:13-32:85
181                android:name="com.google.firebase.components:com.google.firebase.analytics.connector.internal.AnalyticsConnectorRegistrar"
181-->[com.google.android.gms:play-services-measurement-api:17.4.0] AndroidManifest.xml:31:17-139
182                android:value="com.google.firebase.components.ComponentRegistrar" />
182-->[com.google.android.gms:play-services-measurement-api:17.4.0] AndroidManifest.xml:32:17-82
183            <meta-data
183-->[com.google.firebase:firebase-iid:20.1.5] AndroidManifest.xml:32:13-34:85
184                android:name="com.google.firebase.components:com.google.firebase.iid.Registrar"
184-->[com.google.firebase:firebase-iid:20.1.5] AndroidManifest.xml:33:17-96
185                android:value="com.google.firebase.components.ComponentRegistrar" />
185-->[com.google.firebase:firebase-iid:20.1.5] AndroidManifest.xml:34:17-82
186            <meta-data
186-->[com.google.firebase:firebase-installations:16.2.1] AndroidManifest.xml:17:13-19:85
187                android:name="com.google.firebase.components:com.google.firebase.installations.FirebaseInstallationsRegistrar"
187-->[com.google.firebase:firebase-installations:16.2.1] AndroidManifest.xml:18:17-127
188                android:value="com.google.firebase.components.ComponentRegistrar" />
188-->[com.google.firebase:firebase-installations:16.2.1] AndroidManifest.xml:19:17-82
189        </service>
190
191        <provider
191-->[androidx.work:work-runtime:2.3.4] AndroidManifest.xml:31:9-37:35
192            android:name="androidx.work.impl.WorkManagerInitializer"
192-->[androidx.work:work-runtime:2.3.4] AndroidManifest.xml:32:13-69
193            android:authorities="com.app.go4lunch.workmanager-init"
193-->[androidx.work:work-runtime:2.3.4] AndroidManifest.xml:33:13-68
194            android:directBootAware="false"
194-->[androidx.work:work-runtime:2.3.4] AndroidManifest.xml:34:13-44
195            android:exported="false"
195-->[androidx.work:work-runtime:2.3.4] AndroidManifest.xml:35:13-37
196            android:multiprocess="true" />
196-->[androidx.work:work-runtime:2.3.4] AndroidManifest.xml:36:13-40
197
198        <service
198-->[androidx.work:work-runtime:2.3.4] AndroidManifest.xml:39:9-44:35
199            android:name="androidx.work.impl.background.systemalarm.SystemAlarmService"
199-->[androidx.work:work-runtime:2.3.4] AndroidManifest.xml:40:13-88
200            android:directBootAware="false"
200-->[androidx.work:work-runtime:2.3.4] AndroidManifest.xml:41:13-44
201            android:enabled="@bool/enable_system_alarm_service_default"
201-->[androidx.work:work-runtime:2.3.4] AndroidManifest.xml:42:13-72
202            android:exported="false" />
202-->[androidx.work:work-runtime:2.3.4] AndroidManifest.xml:43:13-37
203        <service
203-->[androidx.work:work-runtime:2.3.4] AndroidManifest.xml:45:9-51:35
204            android:name="androidx.work.impl.background.systemjob.SystemJobService"
204-->[androidx.work:work-runtime:2.3.4] AndroidManifest.xml:46:13-84
205            android:directBootAware="false"
205-->[androidx.work:work-runtime:2.3.4] AndroidManifest.xml:47:13-44
206            android:enabled="@bool/enable_system_job_service_default"
206-->[androidx.work:work-runtime:2.3.4] AndroidManifest.xml:48:13-70
207            android:exported="true"
207-->[androidx.work:work-runtime:2.3.4] AndroidManifest.xml:49:13-36
208            android:permission="android.permission.BIND_JOB_SERVICE" />
208-->[androidx.work:work-runtime:2.3.4] AndroidManifest.xml:50:13-69
209        <service
209-->[androidx.work:work-runtime:2.3.4] AndroidManifest.xml:52:9-57:35
210            android:name="androidx.work.impl.foreground.SystemForegroundService"
210-->[androidx.work:work-runtime:2.3.4] AndroidManifest.xml:53:13-81
211            android:directBootAware="false"
211-->[androidx.work:work-runtime:2.3.4] AndroidManifest.xml:54:13-44
212            android:enabled="@bool/enable_system_foreground_service_default"
212-->[androidx.work:work-runtime:2.3.4] AndroidManifest.xml:55:13-77
213            android:exported="false" />
213-->[androidx.work:work-runtime:2.3.4] AndroidManifest.xml:56:13-37
214
215        <receiver
215-->[androidx.work:work-runtime:2.3.4] AndroidManifest.xml:59:9-64:35
216            android:name="androidx.work.impl.utils.ForceStopRunnable$BroadcastReceiver"
216-->[androidx.work:work-runtime:2.3.4] AndroidManifest.xml:60:13-88
217            android:directBootAware="false"
217-->[androidx.work:work-runtime:2.3.4] AndroidManifest.xml:61:13-44
218            android:enabled="true"
218-->[androidx.work:work-runtime:2.3.4] AndroidManifest.xml:62:13-35
219            android:exported="false" />
219-->[androidx.work:work-runtime:2.3.4] AndroidManifest.xml:63:13-37
220        <receiver
220-->[androidx.work:work-runtime:2.3.4] AndroidManifest.xml:65:9-75:20
221            android:name="androidx.work.impl.background.systemalarm.ConstraintProxy$BatteryChargingProxy"
221-->[androidx.work:work-runtime:2.3.4] AndroidManifest.xml:66:13-106
222            android:directBootAware="false"
222-->[androidx.work:work-runtime:2.3.4] AndroidManifest.xml:67:13-44
223            android:enabled="false"
223-->[androidx.work:work-runtime:2.3.4] AndroidManifest.xml:68:13-36
224            android:exported="false" >
224-->[androidx.work:work-runtime:2.3.4] AndroidManifest.xml:69:13-37
225            <intent-filter>
225-->[androidx.work:work-runtime:2.3.4] AndroidManifest.xml:71:13-74:29
226                <action android:name="android.intent.action.ACTION_POWER_CONNECTED" />
226-->[androidx.work:work-runtime:2.3.4] AndroidManifest.xml:72:17-87
226-->[androidx.work:work-runtime:2.3.4] AndroidManifest.xml:72:25-84
227                <action android:name="android.intent.action.ACTION_POWER_DISCONNECTED" />
227-->[androidx.work:work-runtime:2.3.4] AndroidManifest.xml:73:17-90
227-->[androidx.work:work-runtime:2.3.4] AndroidManifest.xml:73:25-87
228            </intent-filter>
229        </receiver>
230        <receiver
230-->[androidx.work:work-runtime:2.3.4] AndroidManifest.xml:76:9-86:20
231            android:name="androidx.work.impl.background.systemalarm.ConstraintProxy$BatteryNotLowProxy"
231-->[androidx.work:work-runtime:2.3.4] AndroidManifest.xml:77:13-104
232            android:directBootAware="false"
232-->[androidx.work:work-runtime:2.3.4] AndroidManifest.xml:78:13-44
233            android:enabled="false"
233-->[androidx.work:work-runtime:2.3.4] AndroidManifest.xml:79:13-36
234            android:exported="false" >
234-->[androidx.work:work-runtime:2.3.4] AndroidManifest.xml:80:13-37
235            <intent-filter>
235-->[androidx.work:work-runtime:2.3.4] AndroidManifest.xml:82:13-85:29
236                <action android:name="android.intent.action.BATTERY_OKAY" />
236-->[androidx.work:work-runtime:2.3.4] AndroidManifest.xml:83:17-77
236-->[androidx.work:work-runtime:2.3.4] AndroidManifest.xml:83:25-74
237                <action android:name="android.intent.action.BATTERY_LOW" />
237-->[androidx.work:work-runtime:2.3.4] AndroidManifest.xml:84:17-76
237-->[androidx.work:work-runtime:2.3.4] AndroidManifest.xml:84:25-73
238            </intent-filter>
239        </receiver>
240        <receiver
240-->[androidx.work:work-runtime:2.3.4] AndroidManifest.xml:87:9-97:20
241            android:name="androidx.work.impl.background.systemalarm.ConstraintProxy$StorageNotLowProxy"
241-->[androidx.work:work-runtime:2.3.4] AndroidManifest.xml:88:13-104
242            android:directBootAware="false"
242-->[androidx.work:work-runtime:2.3.4] AndroidManifest.xml:89:13-44
243            android:enabled="false"
243-->[androidx.work:work-runtime:2.3.4] AndroidManifest.xml:90:13-36
244            android:exported="false" >
244-->[androidx.work:work-runtime:2.3.4] AndroidManifest.xml:91:13-37
245            <intent-filter>
245-->[androidx.work:work-runtime:2.3.4] AndroidManifest.xml:93:13-96:29
246                <action android:name="android.intent.action.DEVICE_STORAGE_LOW" />
246-->[androidx.work:work-runtime:2.3.4] AndroidManifest.xml:94:17-83
246-->[androidx.work:work-runtime:2.3.4] AndroidManifest.xml:94:25-80
247                <action android:name="android.intent.action.DEVICE_STORAGE_OK" />
247-->[androidx.work:work-runtime:2.3.4] AndroidManifest.xml:95:17-82
247-->[androidx.work:work-runtime:2.3.4] AndroidManifest.xml:95:25-79
248            </intent-filter>
249        </receiver>
250        <receiver
250-->[androidx.work:work-runtime:2.3.4] AndroidManifest.xml:98:9-107:20
251            android:name="androidx.work.impl.background.systemalarm.ConstraintProxy$NetworkStateProxy"
251-->[androidx.work:work-runtime:2.3.4] AndroidManifest.xml:99:13-103
252            android:directBootAware="false"
252-->[androidx.work:work-runtime:2.3.4] AndroidManifest.xml:100:13-44
253            android:enabled="false"
253-->[androidx.work:work-runtime:2.3.4] AndroidManifest.xml:101:13-36
254            android:exported="false" >
254-->[androidx.work:work-runtime:2.3.4] AndroidManifest.xml:102:13-37
255            <intent-filter>
255-->[androidx.work:work-runtime:2.3.4] AndroidManifest.xml:104:13-106:29
256                <action android:name="android.net.conn.CONNECTIVITY_CHANGE" />
256-->[androidx.work:work-runtime:2.3.4] AndroidManifest.xml:105:17-79